<?xml version="1.0" encoding="UTF-8"?>
<testsuite xmlns:xsi="http://www.w3.org/2001/XMLSchema-instance" xsi:noNamespaceSchemaLocation="https://maven.apache.org/surefire/maven-surefire-plugin/xsd/surefire-test-report-3.0.xsd" version="3.0" name="com.bpl.BRestProj12MIniProjAppDvlopApplicationTests" time="16.83" tests="1" errors="0" skipped="0" failures="0">
  <properties>
[...]
</properties>
  <testcase name="contextLoads" classname="com.bpl.BRestProj12MIniProjAppDvlopApplicationTests" time="1.26">
    <system-out><![CDATA[13:11:05.355 [main] INFO org.springframework.test.context.support.AnnotationConfigContextLoaderUtils -- Could not detect default configuration classes for test class [com.bpl.BRestProj12MIniProjAppDvlopApplicationTests]: BRestProj12MIniProjAppDvlopApplicationTests does not declare any static, non-private, non-final, nested classes annotated with @Configuration.
13:11:05.709 [main] INFO org.springframework.boot.test.context.SpringBootTestContextBootstrapper -- Found @SpringBootConfiguration com.bpl.BRestProj12MIniProjAppDvlopApplication for test class com.bpl.BRestProj12MIniProjAppDvlopApplicationTests
13:11:06.180 [main] INFO org.springframework.boot.devtools.restart.RestartApplicationListener -- Restart disabled due to context in which it is running

  .   ____          _            __ _ _
 /\\ / ___'_ __ _ _(_)_ __  __ _ \ \ \ \
( ( )\___ | '_ | '_| | '_ \/ _` | \ \ \ \
 \\/  ___)| |_)| | | | | || (_| |  ) ) ) )
  '  |____| .__|_| |_|_| |_\__, | / / / /
 =========|_|==============|___/=/_/_/_/
 :: Spring Boot ::                (v3.2.1)

2024-05-10T13:11:06.835+05:30  INFO 10356 --- [           main] stProj12MIniProjAppDvlopApplicationTests : Starting BRestProj12MIniProjAppDvlopApplicationTests using Java 17.0.9 with PID 10356 (started by BP 012 in C:\Users\BP 012\eclipse-workspace\BootMVCProject\BootRest-Proj15-MIniProject-AppDevelopment-Swaggar-Open-API)
2024-05-10T13:11:06.838+05:30  INFO 10356 --- [           main] stProj12MIniProjAppDvlopApplicationTests : No active profile set, falling back to 1 default profile: "default"
2024-05-10T13:11:09.017+05:30  INFO 10356 --- [           main] .s.d.r.c.RepositoryConfigurationDelegate : Bootstrapping Spring Data JPA repositories in DEFAULT mode.
2024-05-10T13:11:09.167+05:30  INFO 10356 --- [           main] .s.d.r.c.RepositoryConfigurationDelegate : Finished Spring Data repository scanning in 125 ms. Found 1 JPA repository interface.
2024-05-10T13:11:10.433+05:30  INFO 10356 --- [           main] o.hibernate.jpa.internal.util.LogHelper  : HHH000204: Processing PersistenceUnitInfo [name: default]
2024-05-10T13:11:10.609+05:30  INFO 10356 --- [           main] org.hibernate.Version                    : HHH000412: Hibernate ORM core version 6.4.1.Final
2024-05-10T13:11:10.710+05:30  INFO 10356 --- [           main] o.h.c.internal.RegionFactoryInitiator    : HHH000026: Second-level cache disabled
2024-05-10T13:11:11.540+05:30  INFO 10356 --- [           main] o.s.o.j.p.SpringPersistenceUnitInfo      : No LoadTimeWeaver setup: ignoring JPA class transformer
2024-05-10T13:11:11.623+05:30  INFO 10356 --- [           main] com.zaxxer.hikari.HikariDataSource       : HikariPool-1 - Starting...
2024-05-10T13:11:11.631+05:30  WARN 10356 --- [           main] c.zaxxer.hikari.util.DriverDataSource    : Registered driver with driverClassName=oracle.jdbc.driver.OracleDriver was not found, trying direct instantiation.
2024-05-10T13:11:13.063+05:30  INFO 10356 --- [           main] com.zaxxer.hikari.pool.HikariPool        : HikariPool-1 - Added connection oracle.jdbc.driver.T4CConnection@2673487b
2024-05-10T13:11:13.067+05:30  INFO 10356 --- [           main] com.zaxxer.hikari.HikariDataSource       : HikariPool-1 - Start completed.
2024-05-10T13:11:13.516+05:30  WARN 10356 --- [           main] org.hibernate.orm.deprecation            : HHH90000025: OracleDialect does not need to be specified explicitly using 'hibernate.dialect' (remove the property setting and it will be selected by default)
2024-05-10T13:11:15.485+05:30  INFO 10356 --- [           main] o.h.e.t.j.p.i.JtaPlatformInitiator       : HHH000489: No JTA platform available (set 'hibernate.transaction.jta.platform' to enable JTA platform integration)
2024-05-10T13:11:17.351+05:30  INFO 10356 --- [           main] j.LocalContainerEntityManagerFactoryBean : Initialized JPA EntityManagerFactory for persistence unit 'default'
2024-05-10T13:11:17.942+05:30  INFO 10356 --- [           main] o.s.d.j.r.query.QueryEnhancerFactory     : Hibernate is in classpath; If applicable, HQL parser will be used.
2024-05-10T13:11:19.451+05:30  WARN 10356 --- [           main] JpaBaseConfiguration$JpaWebConfiguration : spring.jpa.open-in-view is enabled by default. Therefore, database queries may be performed during view rendering. Explicitly configure spring.jpa.open-in-view to disable this warning
2024-05-10T13:11:20.473+05:30  INFO 10356 --- [           main] stProj12MIniProjAppDvlopApplicationTests : Started BRestProj12MIniProjAppDvlopApplicationTests in 14.326 seconds (process running for 16.897)
]]></system-out>
  </testcase>
</testsuite>